<?xml version="1.0" encoding="UTF-8"?>
<!-- Generated by org.testng.reporters.JUnitXMLReporter -->
<testsuite hostname="DESKTOP-PL9U8FQ" ignored="0" name="Default test" tests="4" failures="0" timestamp="2020-06-23T22:10:14 IST" time="111.12" errors="0">
  <testcase name="CreateCCGroup" time="26.539" classname="com.clearcode.testsuite.TestSuite2"/>
  <testcase name="CreateCCGroup" time="23.096" classname="com.clearcode.testsuite.TestSuite2"/>
  <testcase name="CreateCCGroup" time="23.345" classname="com.clearcode.testsuite.TestSuite2"/>
  <testcase name="CreateCCGroup" time="20.87" classname="com.clearcode.testsuite.TestSuite2"/>
</testsuite> <!-- Default test -->
