<?xml version="1.0" encoding="UTF-8"?>
<!-- Generated by org.testng.reporters.JUnitXMLReporter -->
<testsuite hostname="DESKTOP-PL9U8FQ" ignored="0" name="Default test" tests="4" failures="0" timestamp="2020-06-26T11:29:13 IST" time="89.329" errors="0">
  <testcase name="CreateCCGroup" time="20.012" classname="com.clearcode.testsuite.TestSuite1"/>
  <testcase name="CreateCCGroup" time="17.708" classname="com.clearcode.testsuite.TestSuite1"/>
  <testcase name="CreateCCGroup" time="17.766" classname="com.clearcode.testsuite.TestSuite1"/>
  <testcase name="CreateCCGroup" time="18.061" classname="com.clearcode.testsuite.TestSuite1"/>
</testsuite> <!-- Default test -->
